
  ================================================================
     RALPH - Melon Ticket Autonomous Agent Loop
     Max iterations: 10
  ================================================================


===============================================================
  Ralph Iteration 1 of 10
===============================================================

  ================================================================
     RALPH - Melon Ticket Autonomous Agent Loop
     Max iterations: 10
  ================================================================


===============================================================
  Ralph Iteration 1 of 10
===============================================================
All stories in the PRD now have `passes: true`. Zero remaining.

<promise>COMPLETE</promise>

**Session summary — 4 stories completed:**

| Story | Title | Commit |
|-------|-------|--------|
| MT-076 | 그룹 티켓 허브 CTA 반응 오류와 저대비 텍스트 긴급 수정 | earlier session |
| MT-077 | 공개 모바일 티켓 비주얼 시스템 고급화 | earlier session |
| MT-078 | 멜론티켓 전체 브랜드 일관성 재정비 | earlier session |
| MT-079 | 공개 티켓 데스크톱 웹 레이아웃과 자랑용 연출 마감 | `97ec41f` |

MT-079 added `_desktopShowcase()` — on screens wider than 600px, the public ticket is centered at max 480px with a radial burgundy gradient background, creating a phone-like showcase for desktop browsers. All 5 Scaffold states (loading, error, group overview, group detail, single ticket) are wrapped. Mobile layout unchanged.

Ralph completed all tasks!
Completed at iteration 1 of 10
